mode: set
github.com/khantopa/opentrade/matching-engine/internal/engine/matcher.go:34.28,38.2 1 1
github.com/khantopa/opentrade/matching-engine/internal/engine/matcher.go:40.76,43.9 2 1
github.com/khantopa/opentrade/matching-engine/internal/engine/matcher.go:43.9,52.3 2 1
github.com/khantopa/opentrade/matching-engine/internal/engine/matcher.go:54.2,57.42 2 1
github.com/khantopa/opentrade/matching-engine/internal/engine/matcher.go:57.42,61.64 2 1
github.com/khantopa/opentrade/matching-engine/internal/engine/matcher.go:61.64,64.4 2 1
github.com/khantopa/opentrade/matching-engine/internal/engine/matcher.go:66.3,66.65 1 1
github.com/khantopa/opentrade/matching-engine/internal/engine/matcher.go:66.65,69.4 2 1
github.com/khantopa/opentrade/matching-engine/internal/engine/matcher.go:71.3,71.25 1 1
github.com/khantopa/opentrade/matching-engine/internal/engine/matcher.go:71.25,74.4 2 1
github.com/khantopa/opentrade/matching-engine/internal/engine/matcher.go:77.2,80.39 3 1
github.com/khantopa/opentrade/matching-engine/internal/engine/matcher.go:80.39,81.107 1 1
github.com/khantopa/opentrade/matching-engine/internal/engine/matcher.go:81.107,83.4 1 1
github.com/khantopa/opentrade/matching-engine/internal/engine/matcher.go:84.3,84.73 1 1
github.com/khantopa/opentrade/matching-engine/internal/engine/matcher.go:84.73,86.4 1 1
github.com/khantopa/opentrade/matching-engine/internal/engine/matcher.go:86.9,86.81 1 1
github.com/khantopa/opentrade/matching-engine/internal/engine/matcher.go:86.81,89.4 2 1
github.com/khantopa/opentrade/matching-engine/internal/engine/matcher.go:90.8,91.107 1 1
github.com/khantopa/opentrade/matching-engine/internal/engine/matcher.go:91.107,93.4 1 1
github.com/khantopa/opentrade/matching-engine/internal/engine/matcher.go:94.3,94.73 1 1
github.com/khantopa/opentrade/matching-engine/internal/engine/matcher.go:94.73,96.4 1 1
github.com/khantopa/opentrade/matching-engine/internal/engine/matcher.go:96.9,96.81 1 1
github.com/khantopa/opentrade/matching-engine/internal/engine/matcher.go:96.81,99.4 2 1
github.com/khantopa/opentrade/matching-engine/internal/engine/matcher.go:103.2,103.34 1 1
github.com/khantopa/opentrade/matching-engine/internal/engine/matcher.go:114.27,117.51 2 1
github.com/khantopa/opentrade/matching-engine/internal/engine/matcher.go:117.51,121.48 2 1
github.com/khantopa/opentrade/matching-engine/internal/engine/matcher.go:121.48,122.9 1 1
github.com/khantopa/opentrade/matching-engine/internal/engine/matcher.go:125.3,130.30 4 1
github.com/khantopa/opentrade/matching-engine/internal/engine/matcher.go:130.30,133.4 2 1
github.com/khantopa/opentrade/matching-engine/internal/engine/matcher.go:133.9,137.4 3 1
github.com/khantopa/opentrade/matching-engine/internal/engine/matcher.go:139.3,146.41 6 1
github.com/khantopa/opentrade/matching-engine/internal/engine/matcher.go:146.41,149.4 2 1
github.com/khantopa/opentrade/matching-engine/internal/engine/matcher.go:151.3,163.33 2 1
github.com/khantopa/opentrade/matching-engine/internal/engine/matcher.go:166.2,166.26 1 1
github.com/khantopa/opentrade/matching-engine/internal/engine/matcher.go:166.26,168.3 1 1
github.com/khantopa/opentrade/matching-engine/internal/engine/matcher.go:168.8,168.28 1 1
github.com/khantopa/opentrade/matching-engine/internal/engine/matcher.go:168.28,170.3 1 1
github.com/khantopa/opentrade/matching-engine/internal/engine/matcher.go:170.8,172.3 1 1
github.com/khantopa/opentrade/matching-engine/internal/engine/matcher.go:174.2,177.22 2 1
github.com/khantopa/opentrade/matching-engine/internal/engine/matcher.go:181.31,183.2 1 1
